mode: set
github.com/mikeruu/bookings/cmd/web/main.go:24.13,26.16 2 0
github.com/mikeruu/bookings/cmd/web/main.go:30.2,36.16 4 0
github.com/mikeruu/bookings/cmd/web/main.go:26.16,28.3 1 0
github.com/mikeruu/bookings/cmd/web/main.go:39.18,54.16 10 1
github.com/mikeruu/bookings/cmd/web/main.go:58.2,65.12 6 1
github.com/mikeruu/bookings/cmd/web/main.go:54.16,56.3 1 0
github.com/mikeruu/bookings/cmd/web/middleware.go:10.45,19.2 3 1
github.com/mikeruu/bookings/cmd/web/middleware.go:22.50,24.2 1 1
github.com/mikeruu/bookings/cmd/web/routes.go:13.49,38.2 18 1
