mode: set
github.com/mikeruu/bookings/internal/render/render.go:21.40,23.2 1 1
github.com/mikeruu/bookings/internal/render/render.go:25.84,31.2 5 1
github.com/mikeruu/bookings/internal/render/render.go:34.105,37.18 2 1
github.com/mikeruu/bookings/internal/render/render.go:43.2,44.9 2 1
github.com/mikeruu/bookings/internal/render/render.go:48.2,54.16 5 1
github.com/mikeruu/bookings/internal/render/render.go:58.2,58.12 1 1
github.com/mikeruu/bookings/internal/render/render.go:37.18,40.3 1 0
github.com/mikeruu/bookings/internal/render/render.go:40.8,42.3 1 1
github.com/mikeruu/bookings/internal/render/render.go:44.9,46.3 1 1
github.com/mikeruu/bookings/internal/render/render.go:54.16,57.3 2 0
github.com/mikeruu/bookings/internal/render/render.go:62.67,67.16 3 1
github.com/mikeruu/bookings/internal/render/render.go:71.2,71.29 1 1
github.com/mikeruu/bookings/internal/render/render.go:93.2,93.21 1 1
github.com/mikeruu/bookings/internal/render/render.go:67.16,69.3 1 0
github.com/mikeruu/bookings/internal/render/render.go:71.29,74.17 3 1
github.com/mikeruu/bookings/internal/render/render.go:78.3,79.17 2 1
github.com/mikeruu/bookings/internal/render/render.go:83.3,83.23 1 1
github.com/mikeruu/bookings/internal/render/render.go:90.3,90.21 1 1
github.com/mikeruu/bookings/internal/render/render.go:74.17,76.4 1 0
github.com/mikeruu/bookings/internal/render/render.go:79.17,81.4 1 0
github.com/mikeruu/bookings/internal/render/render.go:83.23,85.18 2 1
github.com/mikeruu/bookings/internal/render/render.go:85.18,87.5 1 0
